0 info it worked if it ends with ok
1 verbose cli [ 'node', '/usr/local/bin/npm', 'install', '-g', 'ionic' ]
2 info using npm@1.4.28
3 info using node@v0.10.33
4 verbose cache add [ 'ionic', null ]
5 verbose cache add name=undefined spec="ionic" args=["ionic",null]
6 verbose parsed url { protocol: null,
6 verbose parsed url   slashes: null,
6 verbose parsed url   auth: null,
6 verbose parsed url   host: null,
6 verbose parsed url   port: null,
6 verbose parsed url   hostname: null,
6 verbose parsed url   hash: null,
6 verbose parsed url   search: null,
6 verbose parsed url   query: null,
6 verbose parsed url   pathname: 'ionic',
6 verbose parsed url   path: 'ionic',
6 verbose parsed url   href: 'ionic' }
7 silly lockFile 00d10074-ionic ionic
8 verbose lock ionic /Users/bhumansoni/.npm/00d10074-ionic.lock
9 silly lockFile 00d10074-ionic ionic
10 silly lockFile 00d10074-ionic ionic
11 verbose addNamed [ 'ionic', '' ]
12 verbose addNamed [ null, '*' ]
13 silly lockFile 966fc04a-ionic ionic@
14 verbose lock ionic@ /Users/bhumansoni/.npm/966fc04a-ionic.lock
15 silly addNameRange { name: 'ionic', range: '*', hasData: false }
16 verbose request where is /ionic
17 verbose request registry https://registry.npmjs.org/
18 verbose request id 6a18d6c912c5204c
19 verbose url raw /ionic
20 verbose url resolving [ 'https://registry.npmjs.org/', './ionic' ]
21 verbose url resolved https://registry.npmjs.org/ionic
22 verbose request where is https://registry.npmjs.org/ionic
23 info trying registry request attempt 1 at 22:40:38
24 verbose etag "9TFPG8DCBK8D6CT2GA9STOBXQ"
25 http GET https://registry.npmjs.org/ionic
26 http 200 https://registry.npmjs.org/ionic
27 silly registry.get cb [ 200,
27 silly registry.get   { server: 'CouchDB/1.5.0 (Erlang OTP/R16B03)',
27 silly registry.get     etag: '"87KQRLKKYYAR2OJG2PKJWYI3K"',
27 silly registry.get     'content-type': 'application/json',
27 silly registry.get     'cache-control': 'max-age=60',
27 silly registry.get     'content-length': '509301',
27 silly registry.get     'accept-ranges': 'bytes',
27 silly registry.get     date: 'Tue, 13 Oct 2015 11:40:39 GMT',
27 silly registry.get     via: '1.1 varnish',
27 silly registry.get     age: '0',
27 silly registry.get     connection: 'keep-alive',
27 silly registry.get     'x-served-by': 'cache-syd1626-SYD',
27 silly registry.get     'x-cache': 'HIT',
27 silly registry.get     'x-cache-hits': '1',
27 silly registry.get     'x-timer': 'S1444736438.871059,VS0,VE187',
27 silly registry.get     vary: 'Accept' } ]
28 silly addNameRange number 2 { name: 'ionic', range: '*', hasData: true }
29 silly addNameRange versions [ 'ionic',
29 silly addNameRange   [ '0.9.6',
29 silly addNameRange     '0.9.8',
29 silly addNameRange     '0.9.9',
29 silly addNameRange     '0.9.10',
29 silly addNameRange     '0.9.11',
29 silly addNameRange     '0.9.12',
29 silly addNameRange     '0.9.13',
29 silly addNameRange     '0.9.14',
29 silly addNameRange     '0.9.15',
29 silly addNameRange     '0.9.16',
29 silly addNameRange     '1.0.0-beta.1',
29 silly addNameRange     '1.0.0-beta',
29 silly addNameRange     '1.0.1-beta',
29 silly addNameRange     '1.0.3-beta',
29 silly addNameRange     '1.0.4',
29 silly addNameRange     '1.0.5',
29 silly addNameRange     '1.0.6',
29 silly addNameRange     '1.0.7',
29 silly addNameRange     '1.0.8',
29 silly addNameRange     '1.0.9',
29 silly addNameRange     '1.0.10',
29 silly addNameRange     '1.0.11',
29 silly addNameRange     '1.0.12',
29 silly addNameRange     '1.0.13',
29 silly addNameRange     '1.0.14',
29 silly addNameRange     '1.0.15',
29 silly addNameRange     '1.0.16',
29 silly addNameRange     '1.0.17',
29 silly addNameRange     '1.1.0-beta1',
29 silly addNameRange     '1.1.0-beta2',
29 silly addNameRange     '1.1.0-beta3',
29 silly addNameRange     '1.1.0-beta4',
29 silly addNameRange     '1.1.0-beta5',
29 silly addNameRange     '1.1.0-beta6',
29 silly addNameRange     '1.1.0',
29 silly addNameRange     '1.1.1-beta1',
29 silly addNameRange     '1.1.1-beta2',
29 silly addNameRange     '1.1.1-beta3',
29 silly addNameRange     '1.1.1',
29 silly addNameRange     '1.1.3',
29 silly addNameRange     '1.1.4',
29 silly addNameRange     '1.1.5-beta1',
29 silly addNameRange     '1.1.5-beta2',
29 silly addNameRange     '1.1.5-beta3',
29 silly addNameRange     '1.1.5-beta4',
29 silly addNameRange     '1.1.5-beta5',
29 silly addNameRange     '1.1.5',
29 silly addNameRange     '1.1.6',
29 silly addNameRange     '1.1.7-beta1',
29 silly addNameRange     '1.1.7',
29 silly addNameRange     '1.1.8-beta1',
29 silly addNameRange     '1.1.8-beta2',
29 silly addNameRange     '1.1.8-beta3',
29 silly addNameRange     '1.1.8-beta4',
29 silly addNameRange     '1.1.8-beta5',
29 silly addNameRange     '1.1.8',
29 silly addNameRange     '1.1.9-beta1',
29 silly addNameRange     '1.1.9',
29 silly addNameRange     '1.1.10',
29 silly addNameRange     '1.1.11-beta1',
29 silly addNameRange     '1.1.11-beta2',
29 silly addNameRange     '1.1.11',
29 silly addNameRange     '1.1.12-beta1',
29 silly addNameRange     '1.1.12-beta2',
29 silly addNameRange     '1.1.12-beta3',
29 silly addNameRange     '1.1.12',
29 silly addNameRange     '1.1.13',
29 silly addNameRange     '1.1.14-beta1',
29 silly addNameRange     '1.1.14-beta2',
29 silly addNameRange     '1.1.14-beta3',
29 silly addNameRange     '1.2.0-beta1',
29 silly addNameRange     '1.2.0',
29 silly addNameRange     '1.2.1-beta1',
29 silly addNameRange     '1.2.1-beta2',
29 silly addNameRange     '1.2.1-beta3',
29 silly addNameRange     '1.2.1-beta4',
29 silly addNameRange     '1.2.1',
29 silly addNameRange     '1.2.2',
29 silly addNameRange     '1.2.3-beta1',
29 silly addNameRange     '1.2.3-beta2',
29 silly addNameRange     '1.2.3-beta3',
29 silly addNameRange     '1.2.3',
29 silly addNameRange     '1.2.4-beta1',
29 silly addNameRange     '1.2.4-beta2',
29 silly addNameRange     '1.2.4-beta3',
29 silly addNameRange     '1.2.4',
29 silly addNameRange     '1.2.5-beta1',
29 silly addNameRange     '1.2.5-beta2',
29 silly addNameRange     '1.2.5-beta3',
29 silly addNameRange     '1.2.5',
29 silly addNameRange     '1.2.6-beta1',
29 silly addNameRange     '1.2.6-beta2',
29 silly addNameRange     '1.2.6-beta3',
29 silly addNameRange     '1.2.6',
29 silly addNameRange     '1.2.7',
29 silly addNameRange     '1.2.8-beta1',
29 silly addNameRange     '1.2.8-beta2',
29 silly addNameRange     '1.2.8',
29 silly addNameRange     '1.2.9',
29 silly addNameRange     '1.2.10',
29 silly addNameRange     '1.2.11',
29 silly addNameRange     '1.2.12',
29 silly addNameRange     '1.2.13',
29 silly addNameRange     '1.2.14-beta1',
29 silly addNameRange     '1.2.14-beta2',
29 silly addNameRange     '1.2.14-beta3',
29 silly addNameRange     '1.2.14-beta4',
29 silly addNameRange     '1.2.14-beta5',
29 silly addNameRange     '1.2.14-beta6',
29 silly addNameRange     '1.2.14',
29 silly addNameRange     '1.3.0-beta1',
29 silly addNameRange     '1.3.0',
29 silly addNameRange     '1.3.1',
29 silly addNameRange     '1.3.2',
29 silly addNameRange     '1.3.3',
29 silly addNameRange     '1.3.4',
29 silly addNameRange     '1.3.5',
29 silly addNameRange     '1.3.6',
29 silly addNameRange     '1.3.7',
29 silly addNameRange     '1.3.8',
29 silly addNameRange     '1.3.9',
29 silly addNameRange     '1.3.10',
29 silly addNameRange     '1.4.0-alpha.1',
29 silly addNameRange     '1.3.11',
29 silly addNameRange     '1.3.1-1.alpha.0',
29 silly addNameRange     '1.4.0-alpha.2',
29 silly addNameRange     '1.3.12',
29 silly addNameRange     '1.3.12-beta.1',
29 silly addNameRange     '1.3.12-beta.2',
29 silly addNameRange     '1.3.13-beta.0',
29 silly addNameRange     '1.3.1-3.beta.1',
29 silly addNameRange     '1.3.1-3.beta.2',
29 silly addNameRange     '1.3.13',
29 silly addNameRange     '1.3.1-3.beta.4',
29 silly addNameRange     '1.3.14-beta',
29 silly addNameRange     '1.3.14-beta.1',
29 silly addNameRange     '1.4.0-alpha.3',
29 silly addNameRange     '1.3.14',
29 silly addNameRange     '1.4.0-alpha.4',
29 silly addNameRange     '1.4.0-alpha.5',
29 silly addNameRange     '1.3.15-beta.0',
29 silly addNameRange     '1.3.15-beta.1',
29 silly addNameRange     '1.3.15-beta.2',
29 silly addNameRange     '1.3.15-beta.3',
29 silly addNameRange     '1.3.15-beta.4',
29 silly addNameRange     '1.3.15',
29 silly addNameRange     '1.3.16',
29 silly addNameRange     '1.4.0-alpha.6',
29 silly addNameRange     '1.3.17-beta.0',
29 silly addNameRange     '1.3.17-beta.1',
29 silly addNameRange     '1.3.17-beta.2',
29 silly addNameRange     '1.3.17-beta.3',
29 silly addNameRange     '1.3.1-7.beta.4',
29 silly addNameRange     '1.3.17',
29 silly addNameRange     '1.3.18-beta.0',
29 silly addNameRange     '1.3.18-beta.1',
29 silly addNameRange     '1.3.18-beta.2',
29 silly addNameRange     '1.3.18-beta.3',
29 silly addNameRange     '1.3.18',
29 silly addNameRange     '1.3.19-beta.0',
29 silly addNameRange     '1.3.19-beta.1',
29 silly addNameRange     '1.3.19-beta.2',
29 silly addNameRange     '1.3.19-beta.3',
29 silly addNameRange     '1.3.19-beta.4',
29 silly addNameRange     '1.3.19',
29 silly addNameRange     '1.3.20',
29 silly addNameRange     '1.4.1-beta.0',
29 silly addNameRange     '1.4.0-beta.1',
29 silly addNameRange     '1.4.0-beta.2',
29 silly addNameRange     '1.4.0-beta.3',
29 silly addNameRange     '1.4.0-beta.5',
29 silly addNameRange     '1.4.0-beta.6',
29 silly addNameRange     '1.4.0-beta.7',
29 silly addNameRange     '1.3.21-beta.0',
29 silly addNameRange     '1.3.21-beta.1',
29 silly addNameRange     '1.3.21',
29 silly addNameRange     '1.3.22',
29 silly addNameRange     '1.4.0-beta.8',
29 silly addNameRange     '1.4.0-beta.9',
29 silly addNameRange     '1.4.0-beta.10',
29 silly addNameRange     '1.4.0-beta.11',
29 silly addNameRange     '1.4.0-beta.12',
29 silly addNameRange     '1.4.0-beta.13',
29 silly addNameRange     '1.4.0-beta.14',
29 silly addNameRange     '1.4.0-beta.15',
29 silly addNameRange     '1.4.0-beta.16',
29 silly addNameRange     '1.4.0-beta.17',
29 silly addNameRange     '1.4.0-beta.18',
29 silly addNameRange     '1.4.0',
29 silly addNameRange     '1.4.1',
29 silly addNameRange     '1.4.2',
29 silly addNameRange     '1.4.3',
29 silly addNameRange     '1.4.4-beta.0',
29 silly addNameRange     '1.4.4-beta.2',
29 silly addNameRange     '1.4.4',
29 silly addNameRange     '1.4.5-beta.0',
29 silly addNameRange     '1.4.5-beta.1',
29 silly addNameRange     '1.4.5-beta.2',
29 silly addNameRange     '1.4.5-beta.3',
29 silly addNameRange     '1.4.5',
29 silly addNameRange     '1.4.6-beta.0',
29 silly addNameRange     '1.4.6',
29 silly addNameRange     '1.4.7',
29 silly addNameRange     '1.4.8',
29 silly addNameRange     '1.5.0-beta.0',
29 silly addNameRange     '1.5.0-beta.1',
29 silly addNameRange     '1.5.0',
29 silly addNameRange     '1.5.1-beta.0',
29 silly addNameRange     '1.5.1-beta.1',
29 silly addNameRange     '1.5.1-beta.2',
29 silly addNameRange     '1.5.1-beta.3',
29 silly addNameRange     '1.5.1-beta.4',
29 silly addNameRange     '1.5.1',
29 silly addNameRange     '1.5.2',
29 silly addNameRange     '1.5.3',
29 silly addNameRange     '1.5.4',
29 silly addNameRange     '1.5.5',
29 silly addNameRange     '1.6.0-beta.1',
29 silly addNameRange     '1.6.0',
29 silly addNameRange     '1.6.1',
29 silly addNameRange     '1.6.2-beta.0',
29 silly addNameRange     '1.6.2-beta.1',
29 silly addNameRange     '1.6.2-beta.2',
29 silly addNameRange     '1.6.2',
29 silly addNameRange     '1.6.3-beta.0',
29 silly addNameRange     '1.6.3-beta.1',
29 silly addNameRange     '1.6.3',
29 silly addNameRange     '1.6.4-beta.0',
29 silly addNameRange     '1.6.4-beta.1',
29 silly addNameRange     '1.6.4',
29 silly addNameRange     '1.7.0-beta.0',
29 silly addNameRange     '1.7.0-beta.1',
29 silly addNameRange     '1.7.0-beta.2',
29 silly addNameRange     '1.7.0-beta.3',
29 silly addNameRange     '2.0.0-alpha.1',
29 silly addNameRange     '2.0.0-alpha.3',
29 silly addNameRange     '1.7.0-beta.4',
29 silly addNameRange     '1.6.5-testing.0',
29 silly addNameRange     '1.6.5-testing.1',
29 silly addNameRange     '1.6.5-testing.2',
29 silly addNameRange     '1.6.5-testing.3',
29 silly addNameRange     '1.6.5',
29 silly addNameRange     '2.0.0-alpha.4',
29 silly addNameRange     '1.7.0-beta.5',
29 silly addNameRange     '1.7.0-beta.6',
29 silly addNameRange     '1.7.0' ] ]
30 verbose addNamed [ 'ionic', '1.7.0' ]
31 verbose addNamed [ '1.7.0', '1.7.0' ]
32 silly lockFile 07f4dff3-ionic-1-7-0 ionic@1.7.0
33 verbose lock ionic@1.7.0 /Users/bhumansoni/.npm/07f4dff3-ionic-1-7-0.lock
34 silly lockFile f078940f--npmjs-org-ionic-ionic-1-7-0-tgz https://registry.npmjs.org/ionic/-/ionic-1.7.0.tgz
35 verbose lock https://registry.npmjs.org/ionic/-/ionic-1.7.0.tgz /Users/bhumansoni/.npm/f078940f--npmjs-org-ionic-ionic-1-7-0-tgz.lock
36 verbose addRemoteTarball [ 'https://registry.npmjs.org/ionic/-/ionic-1.7.0.tgz',
36 verbose addRemoteTarball   '70667f9c2229ce8577fe55eee2af9ad41300ada8' ]
37 info retry fetch attempt 1 at 22:40:39
38 verbose fetch to= /var/folders/7k/2xvdcngs0_59x37zlhfn28sm0000gn/T/npm-508-Dh_0PHiZ/registry.npmjs.org/ionic/-/ionic-1.7.0.tgz
39 http GET https://registry.npmjs.org/ionic/-/ionic-1.7.0.tgz
40 http 200 https://registry.npmjs.org/ionic/-/ionic-1.7.0.tgz
41 silly lockFile f078940f--npmjs-org-ionic-ionic-1-7-0-tgz https://registry.npmjs.org/ionic/-/ionic-1.7.0.tgz
42 silly lockFile f078940f--npmjs-org-ionic-ionic-1-7-0-tgz https://registry.npmjs.org/ionic/-/ionic-1.7.0.tgz
43 silly lockFile 07f4dff3-ionic-1-7-0 ionic@1.7.0
44 silly lockFile 07f4dff3-ionic-1-7-0 ionic@1.7.0
45 silly lockFile 966fc04a-ionic ionic@
46 silly lockFile 966fc04a-ionic ionic@
47 error Error: EACCES, mkdir '/Users/bhumansoni/.npm/ionic/1.7.0'
47 error  { [Error: EACCES, mkdir '/Users/bhumansoni/.npm/ionic/1.7.0']
47 error   errno: 3,
47 error   code: 'EACCES',
47 error   path: '/Users/bhumansoni/.npm/ionic/1.7.0' }
48 error Please try running this command again as root/Administrator.
49 error System Darwin 15.0.0
50 error command "node" "/usr/local/bin/npm" "install" "-g" "ionic"
51 error cwd /Users/bhumansoni/workspace/healthapp
52 error node -v v0.10.33
53 error npm -v 1.4.28
54 error path /Users/bhumansoni/.npm/ionic/1.7.0
55 error code EACCES
56 error errno 3
57 error stack Error: EACCES, mkdir '/Users/bhumansoni/.npm/ionic/1.7.0'
58 verbose exit [ 3, true ]
